2020-09-06 14:14:55: RPCError: Account: tusieukrywam has 815446037 RC, needs 887940406 RC. Please wait to transact, or power up HIVE.
2020-09-06 14:14:58: RPCError: Account: tutezsieukrywam has 800759102 RC, needs 888868034 RC. Please wait to transact, or power up HIVE.
2020-09-06 14:23:41: RPCError: Internal Error
2020-09-06 14:24:01: Internal Error
2020-09-06 15:14:14: RPCError: Internal Error
2020-09-06 15:15:12: RPCError: Internal Error
2020-09-06 22:48:32: Error: None of rewards is above 0
2020-09-06 22:49:03: Error: None of rewards is above 0
2020-09-06 22:49:05: Error: None of rewards is above 0
2020-09-06 22:49:16: Error: None of rewards is above 0
2020-09-06 22:49:40: Error: None of rewards is above 0
2020-09-06 22:52:52: Error: None of rewards is above 0
2020-09-06 22:52:53: Error: None of rewards is above 0
2020-09-06 22:52:56: Error: None of rewards is above 0
2020-09-06 22:53:15: Error: None of rewards is above 0
2020-09-06 22:58:39: Error: Gowno
2020-09-06 22:58:55: Error: Gowno
2020-09-06 23:08:47: Error: None of rewards is above 0
2020-09-06 23:21:29: Error: None of rewards is above 0
2020-09-06 23:22:42: RPCError: Account: tusieukrywam has 94716655 RC, needs 888769480 RC. Please wait to transact, or power up HIVE.
